[2024-05-20 14:07:50] local.ERROR: Command "make:models" is not defined.

Did you mean one of these?
    make:cache-table
    make:cast
    make:channel
    make:class
    make:command
    make:component
    make:controller
    make:enum
    make:event
    make:exception
    make:factory
    make:interface
    make:job
    make:listener
    make:mail
    make:middleware
    make:migration
    make:model
    make:notification
    make:notifications-table
    make:observer
    make:policy
    make:provider
    make:queue-batches-table
    make:queue-failed-table
    make:queue-table
    make:request
    make:resource
    make:rule
    make:scope
    make:seeder
    make:session-table
    make:test
    make:trait
    make:view {"exception":"[object] (Symfony\\Component\\Console\\Exception\\CommandNotFoundException(code: 0): Command \"make:models\" is not defined.

Did you mean one of these?
    make:cache-table
    make:cast
    make:channel
    make:class
    make:command
    make:component
    make:controller
    make:enum
    make:event
    make:exception
    make:factory
    make:interface
    make:job
    make:listener
    make:mail
    make:middleware
    make:migration
    make:model
    make:notification
    make:notifications-table
    make:observer
    make:policy
    make:provider
    make:queue-batches-table
    make:queue-failed-table
    make:queue-table
    make:request
    make:resource
    make:rule
    make:scope
    make:seeder
    make:session-table
    make:test
    make:trait
    make:view at C:\\xampp\\htdocs\\perkuliahan\\semester4\\matkul\\pemograman framework\\UTS_PBF2\\vendor\\symfony\\console\\Application.php:704)
[stacktrace]
#0 C:\\xampp\\htdocs\\perkuliahan\\semester4\\matkul\\pemograman framework\\UTS_PBF2\\vendor\\symfony\\console\\Application.php(260): Symfony\\Component\\Console\\Application->find('make:models')
#1 C:\\xampp\\htdocs\\perkuliahan\\semester4\\matkul\\pemograman framework\\UTS_PBF2\\vendor\\symfony\\console\\Application.php(169): Symfony\\Component\\Console\\Application->doRun(Object(Symfony\\Component\\Console\\Input\\ArgvInput), Object(Symfony\\Component\\Console\\Output\\ConsoleOutput))
#2 C:\\xampp\\htdocs\\perkuliahan\\semester4\\matkul\\pemograman framework\\UTS_PBF2\\vendor\\laravel\\framework\\src\\Illuminate\\Foundation\\Console\\Kernel.php(196): Symfony\\Component\\Console\\Application->run(Object(Symfony\\Component\\Console\\Input\\ArgvInput), Object(Symfony\\Component\\Console\\Output\\ConsoleOutput))
#3 C:\\xampp\\htdocs\\perkuliahan\\semester4\\matkul\\pemograman framework\\UTS_PBF2\\vendor\\laravel\\framework\\src\\Illuminate\\Foundation\\Application.php(1187): Illuminate\\Foundation\\Console\\Kernel->handle(Object(Symfony\\Component\\Console\\Input\\ArgvInput), Object(Symfony\\Component\\Console\\Output\\ConsoleOutput))
#4 C:\\xampp\\htdocs\\perkuliahan\\semester4\\matkul\\pemograman framework\\UTS_PBF2\\artisan(13): Illuminate\\Foundation\\Application->handleCommand(Object(Symfony\\Component\\Console\\Input\\ArgvInput))
#5 {main}
"} 
[2024-05-20 14:14:46] local.ERROR: Command "make:route" is not defined.

Did you mean one of these?
    make:cache-table
    make:cast
    make:channel
    make:class
    make:command
    make:component
    make:controller
    make:enum
    make:event
    make:exception
    make:factory
    make:interface
    make:job
    make:listener
    make:mail
    make:middleware
    make:migration
    make:model
    make:notification
    make:notifications-table
    make:observer
    make:policy
    make:provider
    make:queue-batches-table
    make:queue-failed-table
    make:queue-table
    make:request
    make:resource
    make:rule
    make:scope
    make:seeder
    make:session-table
    make:test
    make:trait
    make:view {"exception":"[object] (Symfony\\Component\\Console\\Exception\\CommandNotFoundException(code: 0): Command \"make:route\" is not defined.

Did you mean one of these?
    make:cache-table
    make:cast
    make:channel
    make:class
    make:command
    make:component
    make:controller
    make:enum
    make:event
    make:exception
    make:factory
    make:interface
    make:job
    make:listener
    make:mail
    make:middleware
    make:migration
    make:model
    make:notification
    make:notifications-table
    make:observer
    make:policy
    make:provider
    make:queue-batches-table
    make:queue-failed-table
    make:queue-table
    make:request
    make:resource
    make:rule
    make:scope
    make:seeder
    make:session-table
    make:test
    make:trait
    make:view at C:\\xampp\\htdocs\\perkuliahan\\semester4\\matkul\\pemograman framework\\UTS_PBF2\\vendor\\symfony\\console\\Application.php:704)
[stacktrace]
#0 C:\\xampp\\htdocs\\perkuliahan\\semester4\\matkul\\pemograman framework\\UTS_PBF2\\vendor\\symfony\\console\\Application.php(260): Symfony\\Component\\Console\\Application->find('make:route')
#1 C:\\xampp\\htdocs\\perkuliahan\\semester4\\matkul\\pemograman framework\\UTS_PBF2\\vendor\\symfony\\console\\Application.php(169): Symfony\\Component\\Console\\Application->doRun(Object(Symfony\\Component\\Console\\Input\\ArgvInput), Object(Symfony\\Component\\Console\\Output\\ConsoleOutput))
#2 C:\\xampp\\htdocs\\perkuliahan\\semester4\\matkul\\pemograman framework\\UTS_PBF2\\vendor\\laravel\\framework\\src\\Illuminate\\Foundation\\Console\\Kernel.php(196): Symfony\\Component\\Console\\Application->run(Object(Symfony\\Component\\Console\\Input\\ArgvInput), Object(Symfony\\Component\\Console\\Output\\ConsoleOutput))
#3 C:\\xampp\\htdocs\\perkuliahan\\semester4\\matkul\\pemograman framework\\UTS_PBF2\\vendor\\laravel\\framework\\src\\Illuminate\\Foundation\\Application.php(1187): Illuminate\\Foundation\\Console\\Kernel->handle(Object(Symfony\\Component\\Console\\Input\\ArgvInput), Object(Symfony\\Component\\Console\\Output\\ConsoleOutput))
#4 C:\\xampp\\htdocs\\perkuliahan\\semester4\\matkul\\pemograman framework\\UTS_PBF2\\artisan(13): Illuminate\\Foundation\\Application->handleCommand(Object(Symfony\\Component\\Console\\Input\\ArgvInput))
#5 {main}
"} 
[2024-05-20 14:15:13] local.ERROR: Command "make:route" is not defined.

Did you mean one of these?
    make:cache-table
    make:cast
    make:channel
    make:class
    make:command
    make:component
    make:controller
    make:enum
    make:event
    make:exception
    make:factory
    make:interface
    make:job
    make:listener
    make:mail
    make:middleware
    make:migration
    make:model
    make:notification
    make:notifications-table
    make:observer
    make:policy
    make:provider
    make:queue-batches-table
    make:queue-failed-table
    make:queue-table
    make:request
    make:resource
    make:rule
    make:scope
    make:seeder
    make:session-table
    make:test
    make:trait
    make:view {"exception":"[object] (Symfony\\Component\\Console\\Exception\\CommandNotFoundException(code: 0): Command \"make:route\" is not defined.

Did you mean one of these?
    make:cache-table
    make:cast
    make:channel
    make:class
    make:command
    make:component
    make:controller
    make:enum
    make:event
    make:exception
    make:factory
    make:interface
    make:job
    make:listener
    make:mail
    make:middleware
    make:migration
    make:model
    make:notification
    make:notifications-table
    make:observer
    make:policy
    make:provider
    make:queue-batches-table
    make:queue-failed-table
    make:queue-table
    make:request
    make:resource
    make:rule
    make:scope
    make:seeder
    make:session-table
    make:test
    make:trait
    make:view at C:\\xampp\\htdocs\\perkuliahan\\semester4\\matkul\\pemograman framework\\UTS_PBF2\\vendor\\symfony\\console\\Application.php:704)
[stacktrace]
#0 C:\\xampp\\htdocs\\perkuliahan\\semester4\\matkul\\pemograman framework\\UTS_PBF2\\vendor\\symfony\\console\\Application.php(260): Symfony\\Component\\Console\\Application->find('make:route')
#1 C:\\xampp\\htdocs\\perkuliahan\\semester4\\matkul\\pemograman framework\\UTS_PBF2\\vendor\\symfony\\console\\Application.php(169): Symfony\\Component\\Console\\Application->doRun(Object(Symfony\\Component\\Console\\Input\\ArgvInput), Object(Symfony\\Component\\Console\\Output\\ConsoleOutput))
#2 C:\\xampp\\htdocs\\perkuliahan\\semester4\\matkul\\pemograman framework\\UTS_PBF2\\vendor\\laravel\\framework\\src\\Illuminate\\Foundation\\Console\\Kernel.php(196): Symfony\\Component\\Console\\Application->run(Object(Symfony\\Component\\Console\\Input\\ArgvInput), Object(Symfony\\Component\\Console\\Output\\ConsoleOutput))
#3 C:\\xampp\\htdocs\\perkuliahan\\semester4\\matkul\\pemograman framework\\UTS_PBF2\\vendor\\laravel\\framework\\src\\Illuminate\\Foundation\\Application.php(1187): Illuminate\\Foundation\\Console\\Kernel->handle(Object(Symfony\\Component\\Console\\Input\\ArgvInput), Object(Symfony\\Component\\Console\\Output\\ConsoleOutput))
#4 C:\\xampp\\htdocs\\perkuliahan\\semester4\\matkul\\pemograman framework\\UTS_PBF2\\artisan(13): Illuminate\\Foundation\\Application->handleCommand(Object(Symfony\\Component\\Console\\Input\\ArgvInput))
#5 {main}
"} 
[2024-05-20 14:21:53] local.ERROR: SQLSTATE[42S01]: Base table or view already exists: 1050 Table 'users' already exists (Connection: mysql, SQL: create table `users` (`id` bigint unsigned not null auto_increment primary key, `name` varchar(255) not null, `email` varchar(255) not null, `password` varchar(255) not null, `role` enum('admin', 'user') not null default 'user', `created_at` timestamp null, `updated_at` timestamp null) default character set utf8mb4 collate 'utf8mb4_unicode_ci') {"exception":"[object] (Illuminate\\Database\\QueryException(code: 42S01): SQLSTATE[42S01]: Base table or view already exists: 1050 Table 'users' already exists (Connection: mysql, SQL: create table `users` (`id` bigint unsigned not null auto_increment primary key, `name` varchar(255) not null, `email` varchar(255) not null, `password` varchar(255) not null, `role` enum('admin', 'user') not null default 'user', `created_at` timestamp null, `updated_at` timestamp null) default character set utf8mb4 collate 'utf8mb4_unicode_ci') at C:\\xampp\\htdocs\\perkuliahan\\semester4\\matkul\\pemograman framework\\UTS_PBF2\\vendor\\laravel\\framework\\src\\Illuminate\\Database\\Connection.php:813)
[stacktrace]
#0 C:\\xampp\\htdocs\\perkuliahan\\semester4\\matkul\\pemograman framework\\UTS_PBF2\\vendor\\laravel\\framework\\src\\Illuminate\\Database\\Connection.php(767): Illuminate\\Database\\Connection->runQueryCallback('create table `u...', Array, Object(Closure))
#1 C:\\xampp\\htdocs\\perkuliahan\\semester4\\matkul\\pemograman framework\\UTS_PBF2\\vendor\\laravel\\framework\\src\\Illuminate\\Database\\Connection.php(560): Illuminate\\Database\\Connection->run('create table `u...', Array, Object(Closure))
#2 C:\\xampp\\htdocs\\perkuliahan\\semester4\\matkul\\pemograman framework\\UTS_PBF2\\vendor\\laravel\\framework\\src\\Illuminate\\Database\\Schema\\Blueprint.php(109): Illuminate\\Database\\Connection->statement('create table `u...')
#3 C:\\xampp\\htdocs\\perkuliahan\\semester4\\matkul\\pemograman framework\\UTS_PBF2\\vendor\\laravel\\framework\\src\\Illuminate\\Database\\Schema\\Builder.php(564): Illuminate\\Database\\Schema\\Blueprint->build(Object(Illuminate\\Database\\MySqlConnection), Object(Illuminate\\Database\\Schema\\Grammars\\MySqlGrammar))
#4 C:\\xampp\\htdocs\\perkuliahan\\semester4\\matkul\\pemograman framework\\UTS_PBF2\\vendor\\laravel\\framework\\src\\Illuminate\\Database\\Schema\\Builder.php(418): Illuminate\\Database\\Schema\\Builder->build(Object(Illuminate\\Database\\Schema\\Blueprint))
#5 C:\\xampp\\htdocs\\perkuliahan\\semester4\\matkul\\pemograman framework\\UTS_PBF2\\vendor\\laravel\\framework\\src\\Illuminate\\Support\\Facades\\Facade.php(357): Illuminate\\Database\\Schema\\Builder->create('users', Object(Closure))
#6 C:\\xampp\\htdocs\\perkuliahan\\semester4\\matkul\\pemograman framework\\UTS_PBF2\\database\\migrations\\2024_05_20_140455_product.php(27): Illuminate\\Support\\Facades\\Facade::__callStatic('create', Array)
#7 C:\\xampp\\htdocs\\perkuliahan\\semester4\\matkul\\pemograman framework\\UTS_PBF2\\vendor\\laravel\\framework\\src\\Illuminate\\Database\\Migrations\\Migrator.php(482): Illuminate\\Database\\Migrations\\Migration@anonymous->up()
#8 C:\\xampp\\htdocs\\perkuliahan\\semester4\\matkul\\pemograman framework\\UTS_PBF2\\vendor\\laravel\\framework\\src\\Illuminate\\Database\\Migrations\\Migrator.php(408): Illuminate\\Database\\Migrations\\Migrator->runMethod(Object(Illuminate\\Database\\MySqlConnection), Object(Illuminate\\Database\\Migrations\\Migration@anonymous), 'up')
#9 C:\\xampp\\htdocs\\perkuliahan\\semester4\\matkul\\pemograman framework\\UTS_PBF2\\vendor\\laravel\\framework\\src\\Illuminate\\Database\\Migrations\\Migrator.php(417): Illuminate\\Database\\Migrations\\Migrator->Illuminate\\Database\\Migrations\\{closure}()
#10 C:\\xampp\\htdocs\\perkuliahan\\semester4\\matkul\\pemograman framework\\UTS_PBF2\\vendor\\laravel\\framework\\src\\Illuminate\\Database\\Migrations\\Migrator.php(214): Illuminate\\Database\\Migrations\\Migrator->runMigration(Object(Illuminate\\Database\\Migrations\\Migration@anonymous), 'up')
#11 C:\\xampp\\htdocs\\perkuliahan\\semester4\\matkul\\pemograman framework\\UTS_PBF2\\vendor\\laravel\\framework\\src\\Illuminate\\Console\\View\\Components\\Task.php(40): Illuminate\\Database\\Migrations\\Migrator->Illuminate\\Database\\Migrations\\{closure}()
#12 C:\\xampp\\htdocs\\perkuliahan\\semester4\\matkul\\pemograman framework\\UTS_PBF2\\vendor\\laravel\\framework\\src\\Illuminate\\Database\\Migrations\\Migrator.php(745): Illuminate\\Console\\View\\Components\\Task->render('2024_05_20_1404...', Object(Closure))
#13 C:\\xampp\\htdocs\\perkuliahan\\semester4\\matkul\\pemograman framework\\UTS_PBF2\\vendor\\laravel\\framework\\src\\Illuminate\\Database\\Migrations\\Migrator.php(214): Illuminate\\Database\\Migrations\\Migrator->write('Illuminate\\\\Cons...', '2024_05_20_1404...', Object(Closure))
#14 C:\\xampp\\htdocs\\perkuliahan\\semester4\\matkul\\pemograman framework\\UTS_PBF2\\vendor\\laravel\\framework\\src\\Illuminate\\Database\\Migrations\\Migrator.php(179): Illuminate\\Database\\Migrations\\Migrator->runUp('C:\\\\xampp\\\\htdocs...', 1, false)
#15 C:\\xampp\\htdocs\\perkuliahan\\semester4\\matkul\\pemograman framework\\UTS_PBF2\\vendor\\laravel\\framework\\src\\Illuminate\\Database\\Migrations\\Migrator.php(122): Illuminate\\Database\\Migrations\\Migrator->runPending(Array, Array)
#16 C:\\xampp\\htdocs\\perkuliahan\\semester4\\matkul\\pemograman framework\\UTS_PBF2\\vendor\\laravel\\framework\\src\\Illuminate\\Database\\Console\\Migrations\\MigrateCommand.php(116): Illuminate\\Database\\Migrations\\Migrator->run(Array, Array)
#17 C:\\xampp\\htdocs\\perkuliahan\\semester4\\matkul\\pemograman framework\\UTS_PBF2\\vendor\\laravel\\framework\\src\\Illuminate\\Database\\Migrations\\Migrator.php(622): Illuminate\\Database\\Console\\Migrations\\MigrateCommand->Illuminate\\Database\\Console\\Migrations\\{closure}()
#18 C:\\xampp\\htdocs\\perkuliahan\\semester4\\matkul\\pemograman framework\\UTS_PBF2\\vendor\\laravel\\framework\\src\\Illuminate\\Database\\Console\\Migrations\\MigrateCommand.php(109): Illuminate\\Database\\Migrations\\Migrator->usingConnection(NULL, Object(Closure))
#19 C:\\xampp\\htdocs\\perkuliahan\\semester4\\matkul\\pemograman framework\\UTS_PBF2\\vendor\\laravel\\framework\\src\\Illuminate\\Database\\Console\\Migrations\\MigrateCommand.php(88): Illuminate\\Database\\Console\\Migrations\\MigrateCommand->runMigrations()
#20 C:\\xampp\\htdocs\\perkuliahan\\semester4\\matkul\\pemograman framework\\UTS_PBF2\\vendor\\laravel\\framework\\src\\Illuminate\\Container\\BoundMethod.php(36): Illuminate\\Database\\Console\\Migrations\\MigrateCommand->handle()
#21 C:\\xampp\\htdocs\\perkuliahan\\semester4\\matkul\\pemograman framework\\UTS_PBF2\\vendor\\laravel\\framework\\src\\Illuminate\\Container\\Util.php(41): Illuminate\\Container\\BoundMethod::Illuminate\\Container\\{closure}()
#22 C:\\xampp\\htdocs\\perkuliahan\\semester4\\matkul\\pemograman framework\\UTS_PBF2\\vendor\\laravel\\framework\\src\\Illuminate\\Container\\BoundMethod.php(93): Illuminate\\Container\\Util::unwrapIfClosure(Object(Closure))
#23 C:\\xampp\\htdocs\\perkuliahan\\semester4\\matkul\\pemograman framework\\UTS_PBF2\\vendor\\laravel\\framework\\src\\Illuminate\\Container\\BoundMethod.php(35): Illuminate\\Container\\BoundMethod::callBoundMethod(Object(Illuminate\\Foundation\\Application), Array, Object(Closure))
#24 C:\\xampp\\htdocs\\perkuliahan\\semester4\\matkul\\pemograman framework\\UTS_PBF2\\vendor\\laravel\\framework\\src\\Illuminate\\Container\\Container.php(662): Illuminate\\Container\\BoundMethod::call(Object(Illuminate\\Foundation\\Application), Array, Array, NULL)
#25 C:\\xampp\\htdocs\\perkuliahan\\semester4\\matkul\\pemograman framework\\UTS_PBF2\\vendor\\laravel\\framework\\src\\Illuminate\\Console\\Command.php(212): Illuminate\\Container\\Container->call(Array)
#26 C:\\xampp\\htdocs\\perkuliahan\\semester4\\matkul\\pemograman framework\\UTS_PBF2\\vendor\\symfony\\console\\Command\\Command.php(279): Illuminate\\Console\\Command->execute(Object(Symfony\\Component\\Console\\Input\\ArgvInput), Object(Illuminate\\Console\\OutputStyle))
#27 C:\\xampp\\htdocs\\perkuliahan\\semester4\\matkul\\pemograman framework\\UTS_PBF2\\vendor\\laravel\\framework\\src\\Illuminate\\Console\\Command.php(181): Symfony\\Component\\Console\\Command\\Command->run(Object(Symfony\\Component\\Console\\Input\\ArgvInput), Object(Illuminate\\Console\\OutputStyle))
#28 C:\\xampp\\htdocs\\perkuliahan\\semester4\\matkul\\pemograman framework\\UTS_PBF2\\vendor\\symfony\\console\\Application.php(1049): Illuminate\\Console\\Command->run(Object(Symfony\\Component\\Console\\Input\\ArgvInput), Object(Symfony\\Component\\Console\\Output\\ConsoleOutput))
#29 C:\\xampp\\htdocs\\perkuliahan\\semester4\\matkul\\pemograman framework\\UTS_PBF2\\vendor\\symfony\\console\\Application.php(318): Symfony\\Component\\Console\\Application->doRunCommand(Object(Illuminate\\Database\\Console\\Migrations\\MigrateCommand), Object(Symfony\\Component\\Console\\Input\\ArgvInput), Object(Symfony\\Component\\Console\\Output\\ConsoleOutput))
#30 C:\\xampp\\htdocs\\perkuliahan\\semester4\\matkul\\pemograman framework\\UTS_PBF2\\vendor\\symfony\\console\\Application.php(169): Symfony\\Component\\Console\\Application->doRun(Object(Symfony\\Component\\Console\\Input\\ArgvInput), Object(Symfony\\Component\\Console\\Output\\ConsoleOutput))
#31 C:\\xampp\\htdocs\\perkuliahan\\semester4\\matkul\\pemograman framework\\UTS_PBF2\\vendor\\laravel\\framework\\src\\Illuminate\\Foundation\\Console\\Kernel.php(196): Symfony\\Component\\Console\\Application->run(Object(Symfony\\Component\\Console\\Input\\ArgvInput), Object(Symfony\\Component\\Console\\Output\\ConsoleOutput))
#32 C:\\xampp\\htdocs\\perkuliahan\\semester4\\matkul\\pemograman framework\\UTS_PBF2\\vendor\\laravel\\framework\\src\\Illuminate\\Foundation\\Application.php(1187): Illuminate\\Foundation\\Console\\Kernel->handle(Object(Symfony\\Component\\Console\\Input\\ArgvInput), Object(Symfony\\Component\\Console\\Output\\ConsoleOutput))
#33 C:\\xampp\\htdocs\\perkuliahan\\semester4\\matkul\\pemograman framework\\UTS_PBF2\\artisan(13): Illuminate\\Foundation\\Application->handleCommand(Object(Symfony\\Component\\Console\\Input\\ArgvInput))
#34 {main}

[previous exception] [object] (PDOException(code: 42S01): SQLSTATE[42S01]: Base table or view already exists: 1050 Table 'users' already exists at C:\\xampp\\htdocs\\perkuliahan\\semester4\\matkul\\pemograman framework\\UTS_PBF2\\vendor\\laravel\\framework\\src\\Illuminate\\Database\\Connection.php:571)
[stacktrace]
#0 C:\\xampp\\htdocs\\perkuliahan\\semester4\\matkul\\pemograman framework\\UTS_PBF2\\vendor\\laravel\\framework\\src\\Illuminate\\Database\\Connection.php(571): PDOStatement->execute()
#1 C:\\xampp\\htdocs\\perkuliahan\\semester4\\matkul\\pemograman framework\\UTS_PBF2\\vendor\\laravel\\framework\\src\\Illuminate\\Database\\Connection.php(800): Illuminate\\Database\\Connection->Illuminate\\Database\\{closure}('create table `u...', Array)
#2 C:\\xampp\\htdocs\\perkuliahan\\semester4\\matkul\\pemograman framework\\UTS_PBF2\\vendor\\laravel\\framework\\src\\Illuminate\\Database\\Connection.php(767): Illuminate\\Database\\Connection->runQueryCallback('create table `u...', Array, Object(Closure))
#3 C:\\xampp\\htdocs\\perkuliahan\\semester4\\matkul\\pemograman framework\\UTS_PBF2\\vendor\\laravel\\framework\\src\\Illuminate\\Database\\Connection.php(560): Illuminate\\Database\\Connection->run('create table `u...', Array, Object(Closure))
#4 C:\\xampp\\htdocs\\perkuliahan\\semester4\\matkul\\pemograman framework\\UTS_PBF2\\vendor\\laravel\\framework\\src\\Illuminate\\Database\\Schema\\Blueprint.php(109): Illuminate\\Database\\Connection->statement('create table `u...')
#5 C:\\xampp\\htdocs\\perkuliahan\\semester4\\matkul\\pemograman framework\\UTS_PBF2\\vendor\\laravel\\framework\\src\\Illuminate\\Database\\Schema\\Builder.php(564): Illuminate\\Database\\Schema\\Blueprint->build(Object(Illuminate\\Database\\MySqlConnection), Object(Illuminate\\Database\\Schema\\Grammars\\MySqlGrammar))
#6 C:\\xampp\\htdocs\\perkuliahan\\semester4\\matkul\\pemograman framework\\UTS_PBF2\\vendor\\laravel\\framework\\src\\Illuminate\\Database\\Schema\\Builder.php(418): Illuminate\\Database\\Schema\\Builder->build(Object(Illuminate\\Database\\Schema\\Blueprint))
#7 C:\\xampp\\htdocs\\perkuliahan\\semester4\\matkul\\pemograman framework\\UTS_PBF2\\vendor\\laravel\\framework\\src\\Illuminate\\Support\\Facades\\Facade.php(357): Illuminate\\Database\\Schema\\Builder->create('users', Object(Closure))
#8 C:\\xampp\\htdocs\\perkuliahan\\semester4\\matkul\\pemograman framework\\UTS_PBF2\\database\\migrations\\2024_05_20_140455_product.php(27): Illuminate\\Support\\Facades\\Facade::__callStatic('create', Array)
#9 C:\\xampp\\htdocs\\perkuliahan\\semester4\\matkul\\pemograman framework\\UTS_PBF2\\vendor\\laravel\\framework\\src\\Illuminate\\Database\\Migrations\\Migrator.php(482): Illuminate\\Database\\Migrations\\Migration@anonymous->up()
#10 C:\\xampp\\htdocs\\perkuliahan\\semester4\\matkul\\pemograman framework\\UTS_PBF2\\vendor\\laravel\\framework\\src\\Illuminate\\Database\\Migrations\\Migrator.php(408): Illuminate\\Database\\Migrations\\Migrator->runMethod(Object(Illuminate\\Database\\MySqlConnection), Object(Illuminate\\Database\\Migrations\\Migration@anonymous), 'up')
#11 C:\\xampp\\htdocs\\perkuliahan\\semester4\\matkul\\pemograman framework\\UTS_PBF2\\vendor\\laravel\\framework\\src\\Illuminate\\Database\\Migrations\\Migrator.php(417): Illuminate\\Database\\Migrations\\Migrator->Illuminate\\Database\\Migrations\\{closure}()
#12 C:\\xampp\\htdocs\\perkuliahan\\semester4\\matkul\\pemograman framework\\UTS_PBF2\\vendor\\laravel\\framework\\src\\Illuminate\\Database\\Migrations\\Migrator.php(214): Illuminate\\Database\\Migrations\\Migrator->runMigration(Object(Illuminate\\Database\\Migrations\\Migration@anonymous), 'up')
#13 C:\\xampp\\htdocs\\perkuliahan\\semester4\\matkul\\pemograman framework\\UTS_PBF2\\vendor\\laravel\\framework\\src\\Illuminate\\Console\\View\\Components\\Task.php(40): Illuminate\\Database\\Migrations\\Migrator->Illuminate\\Database\\Migrations\\{closure}()
#14 C:\\xampp\\htdocs\\perkuliahan\\semester4\\matkul\\pemograman framework\\UTS_PBF2\\vendor\\laravel\\framework\\src\\Illuminate\\Database\\Migrations\\Migrator.php(745): Illuminate\\Console\\View\\Components\\Task->render('2024_05_20_1404...', Object(Closure))
#15 C:\\xampp\\htdocs\\perkuliahan\\semester4\\matkul\\pemograman framework\\UTS_PBF2\\vendor\\laravel\\framework\\src\\Illuminate\\Database\\Migrations\\Migrator.php(214): Illuminate\\Database\\Migrations\\Migrator->write('Illuminate\\\\Cons...', '2024_05_20_1404...', Object(Closure))
#16 C:\\xampp\\htdocs\\perkuliahan\\semester4\\matkul\\pemograman framework\\UTS_PBF2\\vendor\\laravel\\framework\\src\\Illuminate\\Database\\Migrations\\Migrator.php(179): Illuminate\\Database\\Migrations\\Migrator->runUp('C:\\\\xampp\\\\htdocs...', 1, false)
#17 C:\\xampp\\htdocs\\perkuliahan\\semester4\\matkul\\pemograman framework\\UTS_PBF2\\vendor\\laravel\\framework\\src\\Illuminate\\Database\\Migrations\\Migrator.php(122): Illuminate\\Database\\Migrations\\Migrator->runPending(Array, Array)
#18 C:\\xampp\\htdocs\\perkuliahan\\semester4\\matkul\\pemograman framework\\UTS_PBF2\\vendor\\laravel\\framework\\src\\Illuminate\\Database\\Console\\Migrations\\MigrateCommand.php(116): Illuminate\\Database\\Migrations\\Migrator->run(Array, Array)
#19 C:\\xampp\\htdocs\\perkuliahan\\semester4\\matkul\\pemograman framework\\UTS_PBF2\\vendor\\laravel\\framework\\src\\Illuminate\\Database\\Migrations\\Migrator.php(622): Illuminate\\Database\\Console\\Migrations\\MigrateCommand->Illuminate\\Database\\Console\\Migrations\\{closure}()
#20 C:\\xampp\\htdocs\\perkuliahan\\semester4\\matkul\\pemograman framework\\UTS_PBF2\\vendor\\laravel\\framework\\src\\Illuminate\\Database\\Console\\Migrations\\MigrateCommand.php(109): Illuminate\\Database\\Migrations\\Migrator->usingConnection(NULL, Object(Closure))
#21 C:\\xampp\\htdocs\\perkuliahan\\semester4\\matkul\\pemograman framework\\UTS_PBF2\\vendor\\laravel\\framework\\src\\Illuminate\\Database\\Console\\Migrations\\MigrateCommand.php(88): Illuminate\\Database\\Console\\Migrations\\MigrateCommand->runMigrations()
#22 C:\\xampp\\htdocs\\perkuliahan\\semester4\\matkul\\pemograman framework\\UTS_PBF2\\vendor\\laravel\\framework\\src\\Illuminate\\Container\\BoundMethod.php(36): Illuminate\\Database\\Console\\Migrations\\MigrateCommand->handle()
#23 C:\\xampp\\htdocs\\perkuliahan\\semester4\\matkul\\pemograman framework\\UTS_PBF2\\vendor\\laravel\\framework\\src\\Illuminate\\Container\\Util.php(41): Illuminate\\Container\\BoundMethod::Illuminate\\Container\\{closure}()
#24 C:\\xampp\\htdocs\\perkuliahan\\semester4\\matkul\\pemograman framework\\UTS_PBF2\\vendor\\laravel\\framework\\src\\Illuminate\\Container\\BoundMethod.php(93): Illuminate\\Container\\Util::unwrapIfClosure(Object(Closure))
#25 C:\\xampp\\htdocs\\perkuliahan\\semester4\\matkul\\pemograman framework\\UTS_PBF2\\vendor\\laravel\\framework\\src\\Illuminate\\Container\\BoundMethod.php(35): Illuminate\\Container\\BoundMethod::callBoundMethod(Object(Illuminate\\Foundation\\Application), Array, Object(Closure))
#26 C:\\xampp\\htdocs\\perkuliahan\\semester4\\matkul\\pemograman framework\\UTS_PBF2\\vendor\\laravel\\framework\\src\\Illuminate\\Container\\Container.php(662): Illuminate\\Container\\BoundMethod::call(Object(Illuminate\\Foundation\\Application), Array, Array, NULL)
#27 C:\\xampp\\htdocs\\perkuliahan\\semester4\\matkul\\pemograman framework\\UTS_PBF2\\vendor\\laravel\\framework\\src\\Illuminate\\Console\\Command.php(212): Illuminate\\Container\\Container->call(Array)
#28 C:\\xampp\\htdocs\\perkuliahan\\semester4\\matkul\\pemograman framework\\UTS_PBF2\\vendor\\symfony\\console\\Command\\Command.php(279): Illuminate\\Console\\Command->execute(Object(Symfony\\Component\\Console\\Input\\ArgvInput), Object(Illuminate\\Console\\OutputStyle))
#29 C:\\xampp\\htdocs\\perkuliahan\\semester4\\matkul\\pemograman framework\\UTS_PBF2\\vendor\\laravel\\framework\\src\\Illuminate\\Console\\Command.php(181): Symfony\\Component\\Console\\Command\\Command->run(Object(Symfony\\Component\\Console\\Input\\ArgvInput), Object(Illuminate\\Console\\OutputStyle))
#30 C:\\xampp\\htdocs\\perkuliahan\\semester4\\matkul\\pemograman framework\\UTS_PBF2\\vendor\\symfony\\console\\Application.php(1049): Illuminate\\Console\\Command->run(Object(Symfony\\Component\\Console\\Input\\ArgvInput), Object(Symfony\\Component\\Console\\Output\\ConsoleOutput))
#31 C:\\xampp\\htdocs\\perkuliahan\\semester4\\matkul\\pemograman framework\\UTS_PBF2\\vendor\\symfony\\console\\Application.php(318): Symfony\\Component\\Console\\Application->doRunCommand(Object(Illuminate\\Database\\Console\\Migrations\\MigrateCommand), Object(Symfony\\Component\\Console\\Input\\ArgvInput), Object(Symfony\\Component\\Console\\Output\\ConsoleOutput))
#32 C:\\xampp\\htdocs\\perkuliahan\\semester4\\matkul\\pemograman framework\\UTS_PBF2\\vendor\\symfony\\console\\Application.php(169): Symfony\\Component\\Console\\Application->doRun(Object(Symfony\\Component\\Console\\Input\\ArgvInput), Object(Symfony\\Component\\Console\\Output\\ConsoleOutput))
#33 C:\\xampp\\htdocs\\perkuliahan\\semester4\\matkul\\pemograman framework\\UTS_PBF2\\vendor\\laravel\\framework\\src\\Illuminate\\Foundation\\Console\\Kernel.php(196): Symfony\\Component\\Console\\Application->run(Object(Symfony\\Component\\Console\\Input\\ArgvInput), Object(Symfony\\Component\\Console\\Output\\ConsoleOutput))
#34 C:\\xampp\\htdocs\\perkuliahan\\semester4\\matkul\\pemograman framework\\UTS_PBF2\\vendor\\laravel\\framework\\src\\Illuminate\\Foundation\\Application.php(1187): Illuminate\\Foundation\\Console\\Kernel->handle(Object(Symfony\\Component\\Console\\Input\\ArgvInput), Object(Symfony\\Component\\Console\\Output\\ConsoleOutput))
#35 C:\\xampp\\htdocs\\perkuliahan\\semester4\\matkul\\pemograman framework\\UTS_PBF2\\artisan(13): Illuminate\\Foundation\\Application->handleCommand(Object(Symfony\\Component\\Console\\Input\\ArgvInput))
#36 {main}
"} 
[2024-05-20 14:24:57] local.ERROR: SQLSTATE[42S01]: Base table or view already exists: 1050 Table 'products' already exists (Connection: mysql, SQL: create table `products` (`id` bigint unsigned not null auto_increment primary key, `name` varchar(255) not null, `description` text not null, `price` int not null, `image` varchar(255) not null, `category_id` int unsigned not null, `expired_at` date not null, `modified_by` varchar(255) not null comment 'email user', `created_at` timestamp null, `updated_at` timestamp null) default character set utf8mb4 collate 'utf8mb4_unicode_ci') {"exception":"[object] (Illuminate\\Database\\QueryException(code: 42S01): SQLSTATE[42S01]: Base table or view already exists: 1050 Table 'products' already exists (Connection: mysql, SQL: create table `products` (`id` bigint unsigned not null auto_increment primary key, `name` varchar(255) not null, `description` text not null, `price` int not null, `image` varchar(255) not null, `category_id` int unsigned not null, `expired_at` date not null, `modified_by` varchar(255) not null comment 'email user', `created_at` timestamp null, `updated_at` timestamp null) default character set utf8mb4 collate 'utf8mb4_unicode_ci') at C:\\xampp\\htdocs\\perkuliahan\\semester4\\matkul\\pemograman framework\\UTS_PBF2\\vendor\\laravel\\framework\\src\\Illuminate\\Database\\Connection.php:813)
[stacktrace]
#0 C:\\xampp\\htdocs\\perkuliahan\\semester4\\matkul\\pemograman framework\\UTS_PBF2\\vendor\\laravel\\framework\\src\\Illuminate\\Database\\Connection.php(767): Illuminate\\Database\\Connection->runQueryCallback('create table `p...', Array, Object(Closure))
#1 C:\\xampp\\htdocs\\perkuliahan\\semester4\\matkul\\pemograman framework\\UTS_PBF2\\vendor\\laravel\\framework\\src\\Illuminate\\Database\\Connection.php(560): Illuminate\\Database\\Connection->run('create table `p...', Array, Object(Closure))
#2 C:\\xampp\\htdocs\\perkuliahan\\semester4\\matkul\\pemograman framework\\UTS_PBF2\\vendor\\laravel\\framework\\src\\Illuminate\\Database\\Schema\\Blueprint.php(109): Illuminate\\Database\\Connection->statement('create table `p...')
#3 C:\\xampp\\htdocs\\perkuliahan\\semester4\\matkul\\pemograman framework\\UTS_PBF2\\vendor\\laravel\\framework\\src\\Illuminate\\Database\\Schema\\Builder.php(564): Illuminate\\Database\\Schema\\Blueprint->build(Object(Illuminate\\Database\\MySqlConnection), Object(Illuminate\\Database\\Schema\\Grammars\\MySqlGrammar))
#4 C:\\xampp\\htdocs\\perkuliahan\\semester4\\matkul\\pemograman framework\\UTS_PBF2\\vendor\\laravel\\framework\\src\\Illuminate\\Database\\Schema\\Builder.php(418): Illuminate\\Database\\Schema\\Builder->build(Object(Illuminate\\Database\\Schema\\Blueprint))
#5 C:\\xampp\\htdocs\\perkuliahan\\semester4\\matkul\\pemograman framework\\UTS_PBF2\\vendor\\laravel\\framework\\src\\Illuminate\\Support\\Facades\\Facade.php(357): Illuminate\\Database\\Schema\\Builder->create('products', Object(Closure))
#6 C:\\xampp\\htdocs\\perkuliahan\\semester4\\matkul\\pemograman framework\\UTS_PBF2\\database\\migrations\\2024_05_20_140455_product.php(14): Illuminate\\Support\\Facades\\Facade::__callStatic('create', Array)
#7 C:\\xampp\\htdocs\\perkuliahan\\semester4\\matkul\\pemograman framework\\UTS_PBF2\\vendor\\laravel\\framework\\src\\Illuminate\\Database\\Migrations\\Migrator.php(482): Illuminate\\Database\\Migrations\\Migration@anonymous->up()
#8 C:\\xampp\\htdocs\\perkuliahan\\semester4\\matkul\\pemograman framework\\UTS_PBF2\\vendor\\laravel\\framework\\src\\Illuminate\\Database\\Migrations\\Migrator.php(408): Illuminate\\Database\\Migrations\\Migrator->runMethod(Object(Illuminate\\Database\\MySqlConnection), Object(Illuminate\\Database\\Migrations\\Migration@anonymous), 'up')
#9 C:\\xampp\\htdocs\\perkuliahan\\semester4\\matkul\\pemograman framework\\UTS_PBF2\\vendor\\laravel\\framework\\src\\Illuminate\\Database\\Migrations\\Migrator.php(417): Illuminate\\Database\\Migrations\\Migrator->Illuminate\\Database\\Migrations\\{closure}()
#10 C:\\xampp\\htdocs\\perkuliahan\\semester4\\matkul\\pemograman framework\\UTS_PBF2\\vendor\\laravel\\framework\\src\\Illuminate\\Database\\Migrations\\Migrator.php(214): Illuminate\\Database\\Migrations\\Migrator->runMigration(Object(Illuminate\\Database\\Migrations\\Migration@anonymous), 'up')
#11 C:\\xampp\\htdocs\\perkuliahan\\semester4\\matkul\\pemograman framework\\UTS_PBF2\\vendor\\laravel\\framework\\src\\Illuminate\\Console\\View\\Components\\Task.php(40): Illuminate\\Database\\Migrations\\Migrator->Illuminate\\Database\\Migrations\\{closure}()
#12 C:\\xampp\\htdocs\\perkuliahan\\semester4\\matkul\\pemograman framework\\UTS_PBF2\\vendor\\laravel\\framework\\src\\Illuminate\\Database\\Migrations\\Migrator.php(745): Illuminate\\Console\\View\\Components\\Task->render('2024_05_20_1404...', Object(Closure))
#13 C:\\xampp\\htdocs\\perkuliahan\\semester4\\matkul\\pemograman framework\\UTS_PBF2\\vendor\\laravel\\framework\\src\\Illuminate\\Database\\Migrations\\Migrator.php(214): Illuminate\\Database\\Migrations\\Migrator->write('Illuminate\\\\Cons...', '2024_05_20_1404...', Object(Closure))
#14 C:\\xampp\\htdocs\\perkuliahan\\semester4\\matkul\\pemograman framework\\UTS_PBF2\\vendor\\laravel\\framework\\src\\Illuminate\\Database\\Migrations\\Migrator.php(179): Illuminate\\Database\\Migrations\\Migrator->runUp('C:\\\\xampp\\\\htdocs...', 2, false)
#15 C:\\xampp\\htdocs\\perkuliahan\\semester4\\matkul\\pemograman framework\\UTS_PBF2\\vendor\\laravel\\framework\\src\\Illuminate\\Database\\Migrations\\Migrator.php(122): Illuminate\\Database\\Migrations\\Migrator->runPending(Array, Array)
#16 C:\\xampp\\htdocs\\perkuliahan\\semester4\\matkul\\pemograman framework\\UTS_PBF2\\vendor\\laravel\\framework\\src\\Illuminate\\Database\\Console\\Migrations\\MigrateCommand.php(116): Illuminate\\Database\\Migrations\\Migrator->run(Array, Array)
#17 C:\\xampp\\htdocs\\perkuliahan\\semester4\\matkul\\pemograman framework\\UTS_PBF2\\vendor\\laravel\\framework\\src\\Illuminate\\Database\\Migrations\\Migrator.php(622): Illuminate\\Database\\Console\\Migrations\\MigrateCommand->Illuminate\\Database\\Console\\Migrations\\{closure}()
#18 C:\\xampp\\htdocs\\perkuliahan\\semester4\\matkul\\pemograman framework\\UTS_PBF2\\vendor\\laravel\\framework\\src\\Illuminate\\Database\\Console\\Migrations\\MigrateCommand.php(109): Illuminate\\Database\\Migrations\\Migrator->usingConnection(NULL, Object(Closure))
#19 C:\\xampp\\htdocs\\perkuliahan\\semester4\\matkul\\pemograman framework\\UTS_PBF2\\vendor\\laravel\\framework\\src\\Illuminate\\Database\\Console\\Migrations\\MigrateCommand.php(88): Illuminate\\Database\\Console\\Migrations\\MigrateCommand->runMigrations()
#20 C:\\xampp\\htdocs\\perkuliahan\\semester4\\matkul\\pemograman framework\\UTS_PBF2\\vendor\\laravel\\framework\\src\\Illuminate\\Container\\BoundMethod.php(36): Illuminate\\Database\\Console\\Migrations\\MigrateCommand->handle()
#21 C:\\xampp\\htdocs\\perkuliahan\\semester4\\matkul\\pemograman framework\\UTS_PBF2\\vendor\\laravel\\framework\\src\\Illuminate\\Container\\Util.php(41): Illuminate\\Container\\BoundMethod::Illuminate\\Container\\{closure}()
#22 C:\\xampp\\htdocs\\perkuliahan\\semester4\\matkul\\pemograman framework\\UTS_PBF2\\vendor\\laravel\\framework\\src\\Illuminate\\Container\\BoundMethod.php(93): Illuminate\\Container\\Util::unwrapIfClosure(Object(Closure))
#23 C:\\xampp\\htdocs\\perkuliahan\\semester4\\matkul\\pemograman framework\\UTS_PBF2\\vendor\\laravel\\framework\\src\\Illuminate\\Container\\BoundMethod.php(35): Illuminate\\Container\\BoundMethod::callBoundMethod(Object(Illuminate\\Foundation\\Application), Array, Object(Closure))
#24 C:\\xampp\\htdocs\\perkuliahan\\semester4\\matkul\\pemograman framework\\UTS_PBF2\\vendor\\laravel\\framework\\src\\Illuminate\\Container\\Container.php(662): Illuminate\\Container\\BoundMethod::call(Object(Illuminate\\Foundation\\Application), Array, Array, NULL)
#25 C:\\xampp\\htdocs\\perkuliahan\\semester4\\matkul\\pemograman framework\\UTS_PBF2\\vendor\\laravel\\framework\\src\\Illuminate\\Console\\Command.php(212): Illuminate\\Container\\Container->call(Array)
#26 C:\\xampp\\htdocs\\perkuliahan\\semester4\\matkul\\pemograman framework\\UTS_PBF2\\vendor\\symfony\\console\\Command\\Command.php(279): Illuminate\\Console\\Command->execute(Object(Symfony\\Component\\Console\\Input\\ArgvInput), Object(Illuminate\\Console\\OutputStyle))
#27 C:\\xampp\\htdocs\\perkuliahan\\semester4\\matkul\\pemograman framework\\UTS_PBF2\\vendor\\laravel\\framework\\src\\Illuminate\\Console\\Command.php(181): Symfony\\Component\\Console\\Command\\Command->run(Object(Symfony\\Component\\Console\\Input\\ArgvInput), Object(Illuminate\\Console\\OutputStyle))
#28 C:\\xampp\\htdocs\\perkuliahan\\semester4\\matkul\\pemograman framework\\UTS_PBF2\\vendor\\symfony\\console\\Application.php(1049): Illuminate\\Console\\Command->run(Object(Symfony\\Component\\Console\\Input\\ArgvInput), Object(Symfony\\Component\\Console\\Output\\ConsoleOutput))
#29 C:\\xampp\\htdocs\\perkuliahan\\semester4\\matkul\\pemograman framework\\UTS_PBF2\\vendor\\symfony\\console\\Application.php(318): Symfony\\Component\\Console\\Application->doRunCommand(Object(Illuminate\\Database\\Console\\Migrations\\MigrateCommand), Object(Symfony\\Component\\Console\\Input\\ArgvInput), Object(Symfony\\Component\\Console\\Output\\ConsoleOutput))
#30 C:\\xampp\\htdocs\\perkuliahan\\semester4\\matkul\\pemograman framework\\UTS_PBF2\\vendor\\symfony\\console\\Application.php(169): Symfony\\Component\\Console\\Application->doRun(Object(Symfony\\Component\\Console\\Input\\ArgvInput), Object(Symfony\\Component\\Console\\Output\\ConsoleOutput))
#31 C:\\xampp\\htdocs\\perkuliahan\\semester4\\matkul\\pemograman framework\\UTS_PBF2\\vendor\\laravel\\framework\\src\\Illuminate\\Foundation\\Console\\Kernel.php(196): Symfony\\Component\\Console\\Application->run(Object(Symfony\\Component\\Console\\Input\\ArgvInput), Object(Symfony\\Component\\Console\\Output\\ConsoleOutput))
#32 C:\\xampp\\htdocs\\perkuliahan\\semester4\\matkul\\pemograman framework\\UTS_PBF2\\vendor\\laravel\\framework\\src\\Illuminate\\Foundation\\Application.php(1187): Illuminate\\Foundation\\Console\\Kernel->handle(Object(Symfony\\Component\\Console\\Input\\ArgvInput), Object(Symfony\\Component\\Console\\Output\\ConsoleOutput))
#33 C:\\xampp\\htdocs\\perkuliahan\\semester4\\matkul\\pemograman framework\\UTS_PBF2\\artisan(13): Illuminate\\Foundation\\Application->handleCommand(Object(Symfony\\Component\\Console\\Input\\ArgvInput))
#34 {main}

[previous exception] [object] (PDOException(code: 42S01): SQLSTATE[42S01]: Base table or view already exists: 1050 Table 'products' already exists at C:\\xampp\\htdocs\\perkuliahan\\semester4\\matkul\\pemograman framework\\UTS_PBF2\\vendor\\laravel\\framework\\src\\Illuminate\\Database\\Connection.php:571)
[stacktrace]
#0 C:\\xampp\\htdocs\\perkuliahan\\semester4\\matkul\\pemograman framework\\UTS_PBF2\\vendor\\laravel\\framework\\src\\Illuminate\\Database\\Connection.php(571): PDOStatement->execute()
#1 C:\\xampp\\htdocs\\perkuliahan\\semester4\\matkul\\pemograman framework\\UTS_PBF2\\vendor\\laravel\\framework\\src\\Illuminate\\Database\\Connection.php(800): Illuminate\\Database\\Connection->Illuminate\\Database\\{closure}('create table `p...', Array)
#2 C:\\xampp\\htdocs\\perkuliahan\\semester4\\matkul\\pemograman framework\\UTS_PBF2\\vendor\\laravel\\framework\\src\\Illuminate\\Database\\Connection.php(767): Illuminate\\Database\\Connection->runQueryCallback('create table `p...', Array, Object(Closure))
#3 C:\\xampp\\htdocs\\perkuliahan\\semester4\\matkul\\pemograman framework\\UTS_PBF2\\vendor\\laravel\\framework\\src\\Illuminate\\Database\\Connection.php(560): Illuminate\\Database\\Connection->run('create table `p...', Array, Object(Closure))
#4 C:\\xampp\\htdocs\\perkuliahan\\semester4\\matkul\\pemograman framework\\UTS_PBF2\\vendor\\laravel\\framework\\src\\Illuminate\\Database\\Schema\\Blueprint.php(109): Illuminate\\Database\\Connection->statement('create table `p...')
#5 C:\\xampp\\htdocs\\perkuliahan\\semester4\\matkul\\pemograman framework\\UTS_PBF2\\vendor\\laravel\\framework\\src\\Illuminate\\Database\\Schema\\Builder.php(564): Illuminate\\Database\\Schema\\Blueprint->build(Object(Illuminate\\Database\\MySqlConnection), Object(Illuminate\\Database\\Schema\\Grammars\\MySqlGrammar))
#6 C:\\xampp\\htdocs\\perkuliahan\\semester4\\matkul\\pemograman framework\\UTS_PBF2\\vendor\\laravel\\framework\\src\\Illuminate\\Database\\Schema\\Builder.php(418): Illuminate\\Database\\Schema\\Builder->build(Object(Illuminate\\Database\\Schema\\Blueprint))
#7 C:\\xampp\\htdocs\\perkuliahan\\semester4\\matkul\\pemograman framework\\UTS_PBF2\\vendor\\laravel\\framework\\src\\Illuminate\\Support\\Facades\\Facade.php(357): Illuminate\\Database\\Schema\\Builder->create('products', Object(Closure))
#8 C:\\xampp\\htdocs\\perkuliahan\\semester4\\matkul\\pemograman framework\\UTS_PBF2\\database\\migrations\\2024_05_20_140455_product.php(14): Illuminate\\Support\\Facades\\Facade::__callStatic('create', Array)
#9 C:\\xampp\\htdocs\\perkuliahan\\semester4\\matkul\\pemograman framework\\UTS_PBF2\\vendor\\laravel\\framework\\src\\Illuminate\\Database\\Migrations\\Migrator.php(482): Illuminate\\Database\\Migrations\\Migration@anonymous->up()
#10 C:\\xampp\\htdocs\\perkuliahan\\semester4\\matkul\\pemograman framework\\UTS_PBF2\\vendor\\laravel\\framework\\src\\Illuminate\\Database\\Migrations\\Migrator.php(408): Illuminate\\Database\\Migrations\\Migrator->runMethod(Object(Illuminate\\Database\\MySqlConnection), Object(Illuminate\\Database\\Migrations\\Migration@anonymous), 'up')
#11 C:\\xampp\\htdocs\\perkuliahan\\semester4\\matkul\\pemograman framework\\UTS_PBF2\\vendor\\laravel\\framework\\src\\Illuminate\\Database\\Migrations\\Migrator.php(417): Illuminate\\Database\\Migrations\\Migrator->Illuminate\\Database\\Migrations\\{closure}()
#12 C:\\xampp\\htdocs\\perkuliahan\\semester4\\matkul\\pemograman framework\\UTS_PBF2\\vendor\\laravel\\framework\\src\\Illuminate\\Database\\Migrations\\Migrator.php(214): Illuminate\\Database\\Migrations\\Migrator->runMigration(Object(Illuminate\\Database\\Migrations\\Migration@anonymous), 'up')
#13 C:\\xampp\\htdocs\\perkuliahan\\semester4\\matkul\\pemograman framework\\UTS_PBF2\\vendor\\laravel\\framework\\src\\Illuminate\\Console\\View\\Components\\Task.php(40): Illuminate\\Database\\Migrations\\Migrator->Illuminate\\Database\\Migrations\\{closure}()
#14 C:\\xampp\\htdocs\\perkuliahan\\semester4\\matkul\\pemograman framework\\UTS_PBF2\\vendor\\laravel\\framework\\src\\Illuminate\\Database\\Migrations\\Migrator.php(745): Illuminate\\Console\\View\\Components\\Task->render('2024_05_20_1404...', Object(Closure))
#15 C:\\xampp\\htdocs\\perkuliahan\\semester4\\matkul\\pemograman framework\\UTS_PBF2\\vendor\\laravel\\framework\\src\\Illuminate\\Database\\Migrations\\Migrator.php(214): Illuminate\\Database\\Migrations\\Migrator->write('Illuminate\\\\Cons...', '2024_05_20_1404...', Object(Closure))
#16 C:\\xampp\\htdocs\\perkuliahan\\semester4\\matkul\\pemograman framework\\UTS_PBF2\\vendor\\laravel\\framework\\src\\Illuminate\\Database\\Migrations\\Migrator.php(179): Illuminate\\Database\\Migrations\\Migrator->runUp('C:\\\\xampp\\\\htdocs...', 2, false)
#17 C:\\xampp\\htdocs\\perkuliahan\\semester4\\matkul\\pemograman framework\\UTS_PBF2\\vendor\\laravel\\framework\\src\\Illuminate\\Database\\Migrations\\Migrator.php(122): Illuminate\\Database\\Migrations\\Migrator->runPending(Array, Array)
#18 C:\\xampp\\htdocs\\perkuliahan\\semester4\\matkul\\pemograman framework\\UTS_PBF2\\vendor\\laravel\\framework\\src\\Illuminate\\Database\\Console\\Migrations\\MigrateCommand.php(116): Illuminate\\Database\\Migrations\\Migrator->run(Array, Array)
#19 C:\\xampp\\htdocs\\perkuliahan\\semester4\\matkul\\pemograman framework\\UTS_PBF2\\vendor\\laravel\\framework\\src\\Illuminate\\Database\\Migrations\\Migrator.php(622): Illuminate\\Database\\Console\\Migrations\\MigrateCommand->Illuminate\\Database\\Console\\Migrations\\{closure}()
#20 C:\\xampp\\htdocs\\perkuliahan\\semester4\\matkul\\pemograman framework\\UTS_PBF2\\vendor\\laravel\\framework\\src\\Illuminate\\Database\\Console\\Migrations\\MigrateCommand.php(109): Illuminate\\Database\\Migrations\\Migrator->usingConnection(NULL, Object(Closure))
#21 C:\\xampp\\htdocs\\perkuliahan\\semester4\\matkul\\pemograman framework\\UTS_PBF2\\vendor\\laravel\\framework\\src\\Illuminate\\Database\\Console\\Migrations\\MigrateCommand.php(88): Illuminate\\Database\\Console\\Migrations\\MigrateCommand->runMigrations()
#22 C:\\xampp\\htdocs\\perkuliahan\\semester4\\matkul\\pemograman framework\\UTS_PBF2\\vendor\\laravel\\framework\\src\\Illuminate\\Container\\BoundMethod.php(36): Illuminate\\Database\\Console\\Migrations\\MigrateCommand->handle()
#23 C:\\xampp\\htdocs\\perkuliahan\\semester4\\matkul\\pemograman framework\\UTS_PBF2\\vendor\\laravel\\framework\\src\\Illuminate\\Container\\Util.php(41): Illuminate\\Container\\BoundMethod::Illuminate\\Container\\{closure}()
#24 C:\\xampp\\htdocs\\perkuliahan\\semester4\\matkul\\pemograman framework\\UTS_PBF2\\vendor\\laravel\\framework\\src\\Illuminate\\Container\\BoundMethod.php(93): Illuminate\\Container\\Util::unwrapIfClosure(Object(Closure))
#25 C:\\xampp\\htdocs\\perkuliahan\\semester4\\matkul\\pemograman framework\\UTS_PBF2\\vendor\\laravel\\framework\\src\\Illuminate\\Container\\BoundMethod.php(35): Illuminate\\Container\\BoundMethod::callBoundMethod(Object(Illuminate\\Foundation\\Application), Array, Object(Closure))
#26 C:\\xampp\\htdocs\\perkuliahan\\semester4\\matkul\\pemograman framework\\UTS_PBF2\\vendor\\laravel\\framework\\src\\Illuminate\\Container\\Container.php(662): Illuminate\\Container\\BoundMethod::call(Object(Illuminate\\Foundation\\Application), Array, Array, NULL)
#27 C:\\xampp\\htdocs\\perkuliahan\\semester4\\matkul\\pemograman framework\\UTS_PBF2\\vendor\\laravel\\framework\\src\\Illuminate\\Console\\Command.php(212): Illuminate\\Container\\Container->call(Array)
#28 C:\\xampp\\htdocs\\perkuliahan\\semester4\\matkul\\pemograman framework\\UTS_PBF2\\vendor\\symfony\\console\\Command\\Command.php(279): Illuminate\\Console\\Command->execute(Object(Symfony\\Component\\Console\\Input\\ArgvInput), Object(Illuminate\\Console\\OutputStyle))
#29 C:\\xampp\\htdocs\\perkuliahan\\semester4\\matkul\\pemograman framework\\UTS_PBF2\\vendor\\laravel\\framework\\src\\Illuminate\\Console\\Command.php(181): Symfony\\Component\\Console\\Command\\Command->run(Object(Symfony\\Component\\Console\\Input\\ArgvInput), Object(Illuminate\\Console\\OutputStyle))
#30 C:\\xampp\\htdocs\\perkuliahan\\semester4\\matkul\\pemograman framework\\UTS_PBF2\\vendor\\symfony\\console\\Application.php(1049): Illuminate\\Console\\Command->run(Object(Symfony\\Component\\Console\\Input\\ArgvInput), Object(Symfony\\Component\\Console\\Output\\ConsoleOutput))
#31 C:\\xampp\\htdocs\\perkuliahan\\semester4\\matkul\\pemograman framework\\UTS_PBF2\\vendor\\symfony\\console\\Application.php(318): Symfony\\Component\\Console\\Application->doRunCommand(Object(Illuminate\\Database\\Console\\Migrations\\MigrateCommand), Object(Symfony\\Component\\Console\\Input\\ArgvInput), Object(Symfony\\Component\\Console\\Output\\ConsoleOutput))
#32 C:\\xampp\\htdocs\\perkuliahan\\semester4\\matkul\\pemograman framework\\UTS_PBF2\\vendor\\symfony\\console\\Application.php(169): Symfony\\Component\\Console\\Application->doRun(Object(Symfony\\Component\\Console\\Input\\ArgvInput), Object(Symfony\\Component\\Console\\Output\\ConsoleOutput))
#33 C:\\xampp\\htdocs\\perkuliahan\\semester4\\matkul\\pemograman framework\\UTS_PBF2\\vendor\\laravel\\framework\\src\\Illuminate\\Foundation\\Console\\Kernel.php(196): Symfony\\Component\\Console\\Application->run(Object(Symfony\\Component\\Console\\Input\\ArgvInput), Object(Symfony\\Component\\Console\\Output\\ConsoleOutput))
#34 C:\\xampp\\htdocs\\perkuliahan\\semester4\\matkul\\pemograman framework\\UTS_PBF2\\vendor\\laravel\\framework\\src\\Illuminate\\Foundation\\Application.php(1187): Illuminate\\Foundation\\Console\\Kernel->handle(Object(Symfony\\Component\\Console\\Input\\ArgvInput), Object(Symfony\\Component\\Console\\Output\\ConsoleOutput))
#35 C:\\xampp\\htdocs\\perkuliahan\\semester4\\matkul\\pemograman framework\\UTS_PBF2\\artisan(13): Illuminate\\Foundation\\Application->handleCommand(Object(Symfony\\Component\\Console\\Input\\ArgvInput))
#36 {main}
"} 
[2024-05-20 14:39:57] local.ERROR: Command "make:route" is not defined.

Did you mean one of these?
    make:cache-table
    make:cast
    make:channel
    make:class
    make:command
    make:component
    make:controller
    make:enum
    make:event
    make:exception
    make:factory
    make:interface
    make:job
    make:listener
    make:mail
    make:middleware
    make:migration
    make:model
    make:notification
    make:notifications-table
    make:observer
    make:policy
    make:provider
    make:queue-batches-table
    make:queue-failed-table
    make:queue-table
    make:request
    make:resource
    make:rule
    make:scope
    make:seeder
    make:session-table
    make:test
    make:trait
    make:view {"exception":"[object] (Symfony\\Component\\Console\\Exception\\CommandNotFoundException(code: 0): Command \"make:route\" is not defined.

Did you mean one of these?
    make:cache-table
    make:cast
    make:channel
    make:class
    make:command
    make:component
    make:controller
    make:enum
    make:event
    make:exception
    make:factory
    make:interface
    make:job
    make:listener
    make:mail
    make:middleware
    make:migration
    make:model
    make:notification
    make:notifications-table
    make:observer
    make:policy
    make:provider
    make:queue-batches-table
    make:queue-failed-table
    make:queue-table
    make:request
    make:resource
    make:rule
    make:scope
    make:seeder
    make:session-table
    make:test
    make:trait
    make:view at C:\\xampp\\htdocs\\perkuliahan\\semester4\\matkul\\pemograman framework\\UTS_PBF2\\vendor\\symfony\\console\\Application.php:704)
[stacktrace]
#0 C:\\xampp\\htdocs\\perkuliahan\\semester4\\matkul\\pemograman framework\\UTS_PBF2\\vendor\\symfony\\console\\Application.php(260): Symfony\\Component\\Console\\Application->find('make:route')
#1 C:\\xampp\\htdocs\\perkuliahan\\semester4\\matkul\\pemograman framework\\UTS_PBF2\\vendor\\symfony\\console\\Application.php(169): Symfony\\Component\\Console\\Application->doRun(Object(Symfony\\Component\\Console\\Input\\ArgvInput), Object(Symfony\\Component\\Console\\Output\\ConsoleOutput))
#2 C:\\xampp\\htdocs\\perkuliahan\\semester4\\matkul\\pemograman framework\\UTS_PBF2\\vendor\\laravel\\framework\\src\\Illuminate\\Foundation\\Console\\Kernel.php(196): Symfony\\Component\\Console\\Application->run(Object(Symfony\\Component\\Console\\Input\\ArgvInput), Object(Symfony\\Component\\Console\\Output\\ConsoleOutput))
#3 C:\\xampp\\htdocs\\perkuliahan\\semester4\\matkul\\pemograman framework\\UTS_PBF2\\vendor\\laravel\\framework\\src\\Illuminate\\Foundation\\Application.php(1187): Illuminate\\Foundation\\Console\\Kernel->handle(Object(Symfony\\Component\\Console\\Input\\ArgvInput), Object(Symfony\\Component\\Console\\Output\\ConsoleOutput))
#4 C:\\xampp\\htdocs\\perkuliahan\\semester4\\matkul\\pemograman framework\\UTS_PBF2\\artisan(13): Illuminate\\Foundation\\Application->handleCommand(Object(Symfony\\Component\\Console\\Input\\ArgvInput))
#5 {main}
"} 
